<?xml version="1.0" encoding="UTF-8"?>
<!-- Generated by org.testng.reporters.JUnitXMLReporter -->
<testsuite ignored="0" hostname="L3C2068" failures="0" tests="3" name="Surefire test" time="63.286" errors="0" timestamp="2026-05-12T11:38:42 GMT+06:00">
  <testcase classname="com.link3.tests.HomeTest" name="testLink3Login" time="25.097"/>
  <testcase classname="com.link3.tests.HomeTest" name="testLink3Login" time="19.039"/>
  <testcase classname="com.link3.tests.HomeTest" name="testLink3Login" time="19.054"/>
</testsuite> <!-- Surefire test -->
