<?xml version="1.0" encoding="UTF-8"?>
<testng-results ignored="0" total="3" passed="3" failed="0" skipped="0">
  <reporter-output>
  </reporter-output>
  <suite started-at="2026-05-12T11:37:39 GMT+06:00" name="Surefire suite" finished-at="2026-05-12T11:38:42 GMT+06:00" duration-ms="63286">
    <groups>
    </groups>
    <test started-at="2026-05-12T11:37:39 GMT+06:00" name="Surefire test" finished-at="2026-05-12T11:38:42 GMT+06:00" duration-ms="63286">
      <class name="com.link3.tests.HomeTest">
        <test-method signature="testLink3Login(java.lang.String,java.lang.String)[pri:0, instance:com.link3.tests.HomeTest@6279cee3]" started-at="2026-05-12T11:37:39 GMT+06:00" name="testLink3Login" data-provider="loginData" finished-at="2026-05-12T11:38:04 GMT+06:00" duration-ms="25097" status="PASS">
          <params>
            <param index="0">
              <value>
                <![CDATA[user1]]>
              </value>
            </param>
            <param index="1">
              <value>
                <![CDATA[pass1]]>
              </value>
            </param>
          </params>
          <reporter-output>
          </reporter-output>
        </test-method> <!-- testLink3Login -->
        <test-method signature="testLink3Login(java.lang.String,java.lang.String)[pri:0, instance:com.link3.tests.HomeTest@6279cee3]" started-at="2026-05-12T11:38:04 GMT+06:00" name="testLink3Login" data-provider="loginData" finished-at="2026-05-12T11:38:23 GMT+06:00" duration-ms="19039" status="PASS">
          <params>
            <param index="0">
              <value>
                <![CDATA[admin]]>
              </value>
            </param>
            <param index="1">
              <value>
                <![CDATA[wrongpass]]>
              </value>
            </param>
          </params>
          <reporter-output>
          </reporter-output>
        </test-method> <!-- testLink3Login -->
        <test-method signature="testLink3Login(java.lang.String,java.lang.String)[pri:0, instance:com.link3.tests.HomeTest@6279cee3]" started-at="2026-05-12T11:38:23 GMT+06:00" name="testLink3Login" data-provider="loginData" finished-at="2026-05-12T11:38:42 GMT+06:00" duration-ms="19054" status="PASS">
          <params>
            <param index="0">
              <value>
                <![CDATA[randomuser]]>
              </value>
            </param>
            <param index="1">
              <value>
                <![CDATA[test123]]>
              </value>
            </param>
          </params>
          <reporter-output>
          </reporter-output>
        </test-method> <!-- testLink3Login -->
      </class> <!-- com.link3.tests.HomeTest -->
    </test> <!-- Surefire test -->
  </suite> <!-- Surefire suite -->
</testng-results>
