<?xml version="1.0" encoding="UTF-8"?>
<!-- Generated by org.testng.reporters.JUnitReportReporter -->
<testsuite hostname="L3C2068" failures="0" tests="3" name="com.link3.tests.HomeTest" time="63.190" errors="0" timestamp="2026-05-12T11:38:43 GMT+06:00" skipped="0">
  <testcase classname="com.link3.tests.HomeTest" name="testLink3Login" time="19.054"/>
  <testcase classname="com.link3.tests.HomeTest" name="testLink3Login" time="19.039"/>
  <testcase classname="com.link3.tests.HomeTest" name="testLink3Login" time="25.097"/>
</testsuite> <!-- com.link3.tests.HomeTest -->
